Watching for file changes with StatReloader
Watching for file changes with StatReloader
"GET /api_schema/ HTTP/1.1" 200 7649
"GET /redoc/ HTTP/1.1" 200 939
"GET /static/drf-yasg/redoc-init.js HTTP/1.1" 200 2566
"GET /static/drf-yasg/redoc/redoc.min.js HTTP/1.1" 200 1042511
"GET /redoc/?format=openapi HTTP/1.1" 200 6609
"GET /static/drf-yasg/redoc/redoc-logo.png HTTP/1.1" 200 4969
Unauthorized: /api/courses/
"GET /api/courses/ HTTP/1.1" 401 5073
"GET /swagger/ HTTP/1.1" 200 2225
"GET /swagger/?format=openapi HTTP/1.1" 200 6609
"GET /static/drf-yasg/swagger-ui-dist/favicon-32x32.png HTTP/1.1" 304 0
"GET /swagger/ HTTP/1.1" 200 2225
"GET /swagger/?format=openapi HTTP/1.1" 200 6609
Unauthorized: /api/courses/
"GET /api/courses/ HTTP/1.1" 401 58
Unauthorized: /api/courses/
"GET /api/courses/ HTTP/1.1" 401 58
"GET /swagger/ HTTP/1.1" 200 2225
"GET /swagger/?format=openapi HTTP/1.1" 200 6609
Unauthorized: /api/courses/
"GET /api/courses/ HTTP/1.1" 401 58
Unauthorized: /api/courses/
"GET /api/courses/ HTTP/1.1" 401 58
Unauthorized: /api/courses/
"GET /api/courses/ HTTP/1.1" 401 58
"GET /admin/ HTTP/1.1" 200 13818
"GET /static/admin/css/base.css HTTP/1.1" 304 0
"GET /static/admin/css/dark_mode.css HTTP/1.1" 304 0
"GET /static/admin/js/theme.js HTTP/1.1" 304 0
"GET /static/admin/css/nav_sidebar.css HTTP/1.1" 304 0
"GET /static/admin/css/responsive.css HTTP/1.1" 304 0
"GET /static/admin/js/nav_sidebar.js HTTP/1.1" 304 0
"POST /admin/logout/ HTTP/1.1" 200 3555
"GET /admin/ HTTP/1.1" 302 0
"GET /admin/login/?next=/admin/ HTTP/1.1" 200 4160
"POST /admin/login/?next=/admin/ HTTP/1.1" 302 0
"GET /admin/ HTTP/1.1" 200 13818
Not Found: /accounts/login/
"GET /accounts/login/?next=/swagger/ HTTP/1.1" 404 3801
Unauthorized: /api/courses/
"GET /api/courses/ HTTP/1.1" 401 58
Unauthorized: /api/students/
"GET /api/students/ HTTP/1.1" 401 58
"POST /api/token/ HTTP/1.1" 200 483
"POST /api/users/register/ HTTP/1.1" 201 70
Bad Request: /api/users/register/
"POST /api/users/register/ HTTP/1.1" 400 58
